0 info it worked if it ends with ok
1 verbose cli [ '/usr/bin/nodejs', '/usr/bin/npm', 'run', 'watch' ]
2 info using npm@3.10.10
3 info using node@v6.11.0
4 verbose run-script [ 'prewatch', 'watch', 'postwatch' ]
5 info lifecycle blog-frontend@1.0.0~prewatch: blog-frontend@1.0.0
6 silly lifecycle blog-frontend@1.0.0~prewatch: no script for prewatch, continuing
7 info lifecycle blog-frontend@1.0.0~watch: blog-frontend@1.0.0
8 verbose lifecycle blog-frontend@1.0.0~watch: unsafe-perm in lifecycle true
9 verbose lifecycle blog-frontend@1.0.0~watch: PATH: /usr/lib/node_modules/npm/bin/node-gyp-bin:/home/ahmed/workspace/web/blog-frontend/node_modules/.bin:/usr/local/heroku/bin:/home/ahmed/bin:/home/ahmed/.local/bin:/usr/local/sbin:/usr/local/bin:/usr/sbin:/usr/bin:/sbin:/bin:/usr/games:/usr/local/games:/snap/bin:/home/ahmed/.fzf/bin:/home/ahmed/.rvm/bin:/home/ahmed/opt:/home/ahmed/opt/firefox-developer-edition-46.0a2:/home/ahmed/opt/pycharm-5.0.4:/home/ahmed/opt/wrk:/home/ahmed/opt/neo4j-community-2.3.2/bin:/home/ahmed/opt/WebStorm-143.1559.5/bin:/home/ahmed/opt/VSCode-linux-x64:/home/ahmed/opt/robomongo-0.9.0-rc6-linux-x86_64-98af4fc/bin:/home/ahmed/opt/google_appengine:/usr/local/bin:/home/ahmed/dot/scripts:/home/ahmed/opt/selenium/drivers:/home/ahmed/opt/selenium/drivers/phantomjs-2.1.1-linux-x86_64/bin:/home/ahmed/.cache/rebar3/bin:/home/ahmed/opt/boilerpipe-1.2.0:/home/ahmed/bin:/home/ahmed/opt/bin:/home/ahmed/opt/go-1.8.3/bin
10 verbose lifecycle blog-frontend@1.0.0~watch: CWD: /home/ahmed/workspace/web/blog-frontend
11 silly lifecycle blog-frontend@1.0.0~watch: Args: [ '-c', 'webpack --watch' ]
12 silly lifecycle blog-frontend@1.0.0~watch: Returned: code: 1  signal: null
13 info lifecycle blog-frontend@1.0.0~watch: Failed to exec watch script
14 verbose stack Error: blog-frontend@1.0.0 watch: `webpack --watch`
14 verbose stack Exit status 1
14 verbose stack     at EventEmitter.<anonymous> (/usr/lib/node_modules/npm/lib/utils/lifecycle.js:255:16)
14 verbose stack     at emitTwo (events.js:106:13)
14 verbose stack     at EventEmitter.emit (events.js:191:7)
14 verbose stack     at ChildProcess.<anonymous> (/usr/lib/node_modules/npm/lib/utils/spawn.js:40:14)
14 verbose stack     at emitTwo (events.js:106:13)
14 verbose stack     at ChildProcess.emit (events.js:191:7)
14 verbose stack     at maybeClose (internal/child_process.js:891:16)
14 verbose stack     at Process.ChildProcess._handle.onexit (internal/child_process.js:226:5)
15 verbose pkgid blog-frontend@1.0.0
16 verbose cwd /home/ahmed/workspace/web/blog-frontend
17 error Linux 4.8.0-54-generic
18 error argv "/usr/bin/nodejs" "/usr/bin/npm" "run" "watch"
19 error node v6.11.0
20 error npm  v3.10.10
21 error code ELIFECYCLE
22 error blog-frontend@1.0.0 watch: `webpack --watch`
22 error Exit status 1
23 error Failed at the blog-frontend@1.0.0 watch script 'webpack --watch'.
23 error Make sure you have the latest version of node.js and npm installed.
23 error If you do, this is most likely a problem with the blog-frontend package,
23 error not with npm itself.
23 error Tell the author that this fails on your system:
23 error     webpack --watch
23 error You can get information on how to open an issue for this project with:
23 error     npm bugs blog-frontend
23 error Or if that isn't available, you can get their info via:
23 error     npm owner ls blog-frontend
23 error There is likely additional logging output above.
24 verbose exit [ 1, true ]
